#
# A fatal error has been detected by the Java Runtime Environment:
#
#  Internal Error (javaClasses.cpp:126), pid=6404, tid=6368
#  fatal error: Invalid layout of preloaded class
#
# JRE version:  (8.0_20-b26) (build )
# Java VM: Java HotSpot(TM) 64-Bit Server VM (25.20-b23 mixed mode windows-amd64 compressed oops)
# Failed to write core dump. Minidumps are not enabled by default on client versions of Windows
#
# If you would like to submit a bug report, please visit:
#   http://bugreport.sun.com/bugreport/crash.jsp
#

---------------  T H R E A D  ---------------

Current thread (0x0000000002300800):  JavaThread "Unknown thread" [_thread_in_vm, id=6368, stack(0x0000000001f20000,0x0000000002020000)]

Stack: [0x0000000001f20000,0x0000000002020000]
Native frames: (J=compiled Java code, j=interpreted, Vv=VM code, C=native code)
V  [jvm.dll+0x3152fa]
V  [jvm.dll+0x265d03]
V  [jvm.dll+0x266943]
V  [jvm.dll+0x25e1e6]
V  [jvm.dll+0x5e64c]
V  [jvm.dll+0x5e743]
V  [jvm.dll+0x7316a]
V  [jvm.dll+0x734c8]
V  [jvm.dll+0xe3937]
V  [jvm.dll+0xe3cc6]
V  [jvm.dll+0x1f89d7]
V  [jvm.dll+0x229fc4]
V  [jvm.dll+0x14c6f1]
C  [javaw.exe+0x20c6]
C  [javaw.exe+0xc9eb]
C  [javaw.exe+0xca7f]
C  [KERNEL32.DLL+0x1832]
C  [ntdll.dll+0x5d609]


---------------  P R O C E S S  ---------------

Java Threads: ( => current thread )

Other Threads:

=>0x0000000002300800 (exited) JavaThread "Unknown thread" [_thread_in_vm, id=6368, stack(0x0000000001f20000,0x0000000002020000)]

VM state:not at safepoint (not fully initialized)

VM Mutex/Monitor currently owned by a thread: None

GC Heap History (0 events):
No events

Deoptimization events (0 events):
No events

Internal exceptions (0 events):
No events

Events (10 events):
Event: 0.015 loading class java/lang/CharSequence done
Event: 0.016 loading class java/lang/String done
Event: 0.016 loading class java/lang/Class
Event: 0.016 loading class java/lang/reflect/AnnotatedElement
Event: 0.016 loading class java/lang/reflect/AnnotatedElement done
Event: 0.016 loading class java/lang/reflect/GenericDeclaration
Event: 0.016 loading class java/lang/reflect/GenericDeclaration done
Event: 0.016 loading class java/lang/reflect/Type
Event: 0.016 loading class java/lang/reflect/Type done
Event: 0.016 loading class java/lang/Class done


Dynamic libraries:
0x000007f74d0f0000 - 0x000007f74d124000 	C:\Program Files\Java\jre1.8.0_20\bin\javaw.exe
0x000007fe62b00000 - 0x000007fe62cc0000 	C:\Windows\SYSTEM32\ntdll.dll
0x000007fe60b20000 - 0x000007fe60c56000 	C:\Windows\system32\KERNEL32.DLL
0x000007fe5fcf0000 - 0x000007fe5fde3000 	C:\Windows\system32\KERNELBASE.dll
0x000007fe60ea0000 - 0x000007fe60f7e000 	C:\Windows\system32\ADVAPI32.dll
0x000007fe61010000 - 0x000007fe6115c000 	C:\Windows\system32\USER32.dll
0x000007fe5bc90000 - 0x000007fe5befa000 	C:\Windows\WinSxS\amd64_microsoft.windows.common-controls_6595b64144ccf1df_6.0.9200.16579_none_418ab7ef718b27ef\COMCTL32.dll
0x000007fe605a0000 - 0x000007fe60645000 	C:\Windows\system32\msvcrt.dll
0x000007fe62ab0000 - 0x000007fe62af8000 	C:\Windows\SYSTEM32\sechost.dll
0x000007fe5fef0000 - 0x000007fe60035000 	C:\Windows\system32\RPCRT4.dll
0x000007fe60650000 - 0x000007fe60791000 	C:\Windows\system32\GDI32.dll
0x000007fe60fd0000 - 0x000007fe61009000 	C:\Windows\system32\IMM32.DLL
0x000007fe607a0000 - 0x000007fe608b5000 	C:\Windows\system32\MSCTF.dll
0x0000000068520000 - 0x00000000685f2000 	C:\Program Files\Java\jre1.8.0_20\bin\msvcr100.dll
0x00000000686a0000 - 0x0000000068ef8000 	C:\Program Files\Java\jre1.8.0_20\bin\server\jvm.dll
0x000007fe58120000 - 0x000007fe58129000 	C:\Windows\SYSTEM32\WSOCK32.dll
0x000007fe58550000 - 0x000007fe58570000 	C:\Windows\SYSTEM32\WINMM.dll
0x000007fe613d0000 - 0x000007fe613d7000 	C:\Windows\system32\PSAPI.DLL
0x000007fe60490000 - 0x000007fe604e8000 	C:\Windows\system32\WS2_32.dll
0x000007fe58510000 - 0x000007fe58542000 	C:\Windows\SYSTEM32\WINMMBASE.dll
0x000007fe608c0000 - 0x000007fe608c9000 	C:\Windows\system32\NSI.dll
0x0000000068690000 - 0x000000006869f000 	C:\Program Files\Java\jre1.8.0_20\bin\verify.dll
0x0000000068660000 - 0x0000000068688000 	C:\Program Files\Java\jre1.8.0_20\bin\java.dll
0x0000000068640000 - 0x0000000068656000 	C:\Program Files\Java\jre1.8.0_20\bin\zip.dll
0x000007fe41540000 - 0x000007fe416a3000 	C:\Windows\SYSTEM32\dbghelp.dll

VM Arguments:
jvm_args: -Dfile.encoding=Cp1252 -Xbootclasspath:C:\Program Files (x86)\Android\android-sdk\platforms\android-21\android.jar 
java_command: edu.virginia.cs2110.ntg9vz.androidtest.Character
java_class_path (initial): C:\Users\Chowkas\Desktop\Ghost-Hunter\libs\android-support-v4.jar;C:\Users\Chowkas\Desktop\Ghost-Hunter\bin\classes
Launcher Type: SUN_STANDARD

Environment Variables:
PATH=C:/Program Files/Java/jre1.8.0_20/bin/server;C:/Program Files/Java/jre1.8.0_20/bin;C:/Program Files/Java/jre1.8.0_20/lib/amd64;C:\ProgramData\Oracle\Java\javapath;C:\Program Files (x86)\Intel\iCLS Client\;C:\Program Files\Intel\iCLS Client\;C:\Windows\system32;C:\Windows;C:\Windows\System32\Wbem;C:\Windows\System32\WindowsPowerShell\v1.0\;C:\Program Files (x86)\Intel\OpenCL SDK\2.0\bin\x86;C:\Program Files (x86)\Intel\OpenCL SDK\2.0\bin\x64;C:\Program Files\Intel\Intel(R) Management Engine Components\DAL;C:\Program Files\Intel\Intel(R) Management Engine Components\IPT;C:\Program Files (x86)\Intel\Intel(R) Management Engine Components\DAL;C:\Program Files (x86)\Intel\Intel(R) Management Engine Components\IPT;C:\Users\Chowkas\Documents\eclipse;
USERNAME=Chowkas
OS=Windows_NT
PROCESSOR_IDENTIFIER=Intel64 Family 6 Model 58 Stepping 9, GenuineIntel



---------------  S Y S T E M  ---------------

OS: Windows 8 , 64 bit Build 9200 

CPU:total 4 (2 cores per cpu, 2 threads per core) family 6 model 58 stepping 9, cmov, cx8, fxsr, mmx, sse, sse2, sse3, ssse3, sse4.1, sse4.2, popcnt, avx, aes, clmul, erms, ht, tsc, tscinvbit, tscinv

Memory: 4k page, physical 6102288k(2532232k free), swap 26582288k(21442672k free)

vm_info: Java HotSpot(TM) 64-Bit Server VM (25.20-b23) for windows-amd64 JRE (1.8.0_20-b26), built on Jul 30 2014 13:51:23 by "java_re" with MS VC++ 10.0 (VS2010)

time: Sun Nov 16 13:19:08 2014
elapsed time: 0 seconds (0d 0h 0m 0s)

